failed to get console mode for stdout: The handle is invalid.
[1A[1B[0G[?25l[+] Building 0.0s (0/1)                                                         
[?25h[1A[0G[?25l[+] Building 0.2s (2/3)                                                         
[34m => [internal] load build definition from Dockerfile                       0.0s
[0m[34m => => transferring dockerfile: 168B                                       0.0s
[0m[34m => [internal] load .dockerignore                                          0.0s
[0m[34m => => transferring context: 2B                                            0.0s
[0m => [internal] load metadata for docker.io/library/python:3.10             0.1s
[?25h[1A[1A[1A[1A[1A[1A[0G[?25l[+] Building 0.3s (2/3)                                                         
[34m => [internal] load build definition from Dockerfile                       0.0s
[0m[34m => => transferring dockerfile: 168B                                       0.0s
[0m[34m => [internal] load .dockerignore                                          0.0s
[0m[34m => => transferring context: 2B                                            0.0s
[0m => [internal] load metadata for docker.io/library/python:3.10             0.2s
[?25h[1A[1A[1A[1A[1A[1A[0G[?25l[+] Building 0.4s (3/3)                                                         
[34m => [internal] load build definition from Dockerfile                       0.0s
[0m[34m => => transferring dockerfile: 168B                                       0.0s
[0m[34m => [internal] load .dockerignore                                          0.0s
[0m[34m => => transferring context: 2B                                            0.0s
[0m[34m => [internal] load metadata for docker.io/library/python:3.10             0.4s
[0m[?25h[1A[1A[1A[1A[1A[1A[0G[?25l[+] Building 0.5s (8/8) FINISHED                                                
[34m => [internal] load build definition from Dockerfile                       0.0s
[0m[34m => => transferring dockerfile: 168B                                       0.0s
[0m[34m => [internal] load .dockerignore                                          0.0s
[0m[34m => => transferring context: 2B                                            0.0s
[0m[34m => [internal] load metadata for docker.io/library/python:3.10             0.4s
[0m[34m => [1/3] FROM docker.io/library/python:3.10@sha256:85f504ba9cad91a636b58  0.0s
[0m[34m => [internal] load build context                                          0.0s
[0m[34m => => transferring context: 2.12kB                                        0.0s
[0m[34m => CACHED [2/3] RUN pip install --upgrade pip                             0.0s
[0m[34m => [3/3] COPY ./ .                                                        0.0s
[0m[34m => exporting to image                                                     0.0s
[0m[34m => => exporting layers                                                    0.0s
[0m[34m => => writing image sha256:f1b5c275e8a53edb89cdbea05c3cedac7590f60b726f2  0.0s
[0m[34m => => naming to docker.io/library/0                                       0.0s
[0m[?25h